<?xml version="1.0" encoding="UTF-8"?>
<!-- Generated by org.testng.reporters.JUnitXMLReporter -->
<testsuite hostname="DESKTOP-U27HJR1" failures="0" tests="12" name="Test" time="131.606" errors="0" timestamp="30 Jul 2020 18:15:52 GMT">
  <testcase classname="tests.hearMoreTest" name="sendHelp" time="9.428"/>
  <testcase classname="tests.hearMoreTest" name="emptyNameError" time="10.706"/>
  <testcase classname="tests.hearMoreTest" name="emptyCompanyError" time="10.731"/>
  <testcase classname="tests.hearMoreTest" name="emptyEmailError" time="10.622"/>
  <testcase classname="tests.hearMoreTest" name="emptyPhoneError" time="10.636"/>
  <testcase classname="tests.getHelpTest" name="sendHelp" time="12.313"/>
  <testcase classname="tests.getHelpTest" name="emptyNameError" time="10.396"/>
  <testcase classname="tests.getHelpTest" name="emptyEmailError" time="5.432"/>
  <testcase classname="tests.getHelpTest" name="emptyPhoneError" time="10.506"/>
  <testcase classname="tests.pageLinksTest" name="WhatsappNavigation" time="2.642"/>
  <testcase classname="tests.pageLinksTest" name="ScrollToTop" time="10.185"/>
  <testcase classname="tests.pageLinksTest" name="BottomLinks" time="15.103"/>
</testsuite> <!-- Test -->
